{
  "stats": {
    "suites": 1,
    "tests": 1,
    "passes": 0,
    "pending": 0,
    "failures": 1,
    "start": "2024-05-06T15:44:21.788Z",
    "end": "2024-05-06T15:44:38.954Z",
    "duration": 17166,
    "testsRegistered": 1,
    "passPercent": 0,
    "pendingPercent": 0,
    "other": 0,
    "hasOther": false,
    "skipped": 0,
    "hasSkipped": false
  },
  "results": [
    {
      "uuid": "a5630481-9e83-4bf3-9c4e-88dfa1b8015e",
      "title": "",
      "fullFile": "cypress/e2e/example.cy.ts",
      "file": "cypress/e2e/example.cy.ts",
      "beforeHooks": [],
      "afterHooks": [],
      "tests": [],
      "suites": [
        {
          "uuid": "1f654d4b-ef5b-4ffb-89c5-e9b020e8ad73",
          "title": "My First Test",
          "fullFile": "",
          "file": "",
          "beforeHooks": [],
          "afterHooks": [],
          "tests": [
            {
              "title": "visits the app root url",
              "fullTitle": "My First Test visits the app root url",
              "timedOut": null,
              "duration": 4252,
              "state": "failed",
              "speed": null,
              "pass": false,
              "fail": true,
              "pending": false,
              "context": null,
              "code": "cy.visit('/');\ncy.contains('h1', 'You did it!');",
              "err": {
                "message": "AssertionError: Timed out retrying after 4000ms: Expected to find content: 'You did it!' within the selector: 'h1' but never did.",
                "estack": "AssertionError: Timed out retrying after 4000ms: Expected to find content: 'You did it!' within the selector: 'h1' but never did.\n    at Context.eval (webpack:///./cypress/e2e/example.cy.ts:6:0)",
                "diff": null
              },
              "uuid": "6664a1df-1ee4-4156-a15a-bc408dac701b",
              "parentUUID": "1f654d4b-ef5b-4ffb-89c5-e9b020e8ad73",
              "isHook": false,
              "skipped": false
            }
          ],
          "suites": [],
          "passes": [],
          "failures": [
            "6664a1df-1ee4-4156-a15a-bc408dac701b"
          ],
          "pending": [],
          "skipped": [],
          "duration": 4252,
          "root": false,
          "rootEmpty": false,
          "_timeout": 2000
        }
      ],
      "passes": [],
      "failures": [],
      "pending": [],
      "skipped": [],
      "duration": 0,
      "root": true,
      "rootEmpty": true,
      "_timeout": 2000
    }
  ],
  "meta": {
    "mocha": {
      "version": "7.0.1"
    },
    "mochawesome": {
      "options": {
        "quiet": false,
        "reportFilename": "mochawesome",
        "saveHtml": false,
        "saveJson": true,
        "consoleReporter": "spec",
        "useInlineDiffs": false,
        "code": true
      },
      "version": "7.1.3"
    },
    "marge": {
      "options": {
        "reportDir": "results/mochawesome",
        "overwrite": false,
        "html": false,
        "json": true
      },
      "version": "6.2.0"
    }
  }
}